jul. 31, 2025 10:36:51 PM liquibase.changelog
INFO: Reading resource: db/changelog/migrations/db.changelog-202507301932.sql
jul. 31, 2025 10:36:51 PM liquibase.changelog
INFO: Reading resource: db/changelog/migrations/db.changelog-202507301945.sql
jul. 31, 2025 10:36:51 PM liquibase.changelog
INFO: Reading resource: db/changelog/migrations/db.changelog-202507302003.sql
jul. 31, 2025 10:36:51 PM liquibase.changelog
INFO: Reading resource: db/changelog/migrations/db.changelog-202507302006.sql
jul. 31, 2025 10:36:51 PM liquibase.changelog
INFO: Reading from board.databasechangelog
Database is up to date, no changesets to execute
jul. 31, 2025 10:36:51 PM liquibase.changelog
INFO: Reading from board.databasechangelog

UPDATE SUMMARY
Run:                          0
Previously run:               4
Filtered out:                 0
-------------------------------
Total change sets:            4

jul. 31, 2025 10:36:51 PM liquibase.util
INFO: UPDATE SUMMARY
jul. 31, 2025 10:36:51 PM liquibase.util
INFO: Run:                          0
jul. 31, 2025 10:36:51 PM liquibase.util
INFO: Previously run:               4
jul. 31, 2025 10:36:51 PM liquibase.util
INFO: Filtered out:                 0
jul. 31, 2025 10:36:51 PM liquibase.util
INFO: -------------------------------
jul. 31, 2025 10:36:51 PM liquibase.util
INFO: Total change sets:            4
jul. 31, 2025 10:36:51 PM liquibase.util
INFO: Update summary generated
jul. 31, 2025 10:36:51 PM liquibase.lockservice
INFO: Successfully released change log lock
jul. 31, 2025 10:36:51 PM liquibase.command
INFO: Command execution complete
